<?xml version="1.0" encoding="UTF-8"?>
<!-- Generated by org.testng.reporters.JUnitXMLReporter -->
<testsuite ignored="0" hostname="ETC1704355" failures="0" tests="3" name="Test" time="42.11" errors="0" timestamp="2021-08-06T06:39:52 IST">
  <testcase classname="com.identifyNewBikes.Testbase" name="upcomingBikesTest" time="10.436"/>
  <testcase classname="com.identifyNewBikes.Testbase" name="popularUsedCarsTest" time="9.15"/>
  <testcase classname="com.identifyNewBikes.Testbase" name="ZigwheelsSignInTest" time="11.312"/>
</testsuite> <!-- Test -->
