<?xml version="1.0" encoding="UTF-8"?>
<!-- Generated by org.testng.reporters.JUnitXMLReporter -->
<testsuite ignored="1" hostname="ETC1704355" failures="0" tests="2" name="Smoke Tests" time="60.151" errors="0" timestamp="2021-07-26T13:28:33 IST">
  <testcase classname="com.identifyNewBikes.Testbase" name="upcomingBikesTest" time="10.223"/>
  <testcase classname="com.identifyNewBikes.Testbase" name="ZigwheelsSignInTest" time="11.3"/>
  <testcase classname="com.identifyNewBikes.Testbase" name="popularUsedCarsTest" time="0.0">
    <ignored/>
  </testcase> <!-- popularUsedCarsTest -->
</testsuite> <!-- Smoke Tests -->
