<?xml version="1.0" encoding="UTF-8"?>
<!-- Generated by org.testng.reporters.JUnitXMLReporter -->
<testsuite ignored="1" hostname="ETC1704355" failures="0" tests="2" name="regression Tests" time="28.171" errors="0" timestamp="2021-07-21T11:04:43 IST">
  <testcase classname="com.identifyNewBikes.Testbase" name="popularUsedCarsTest" time="16.232"/>
  <testcase classname="com.identifyNewBikes.Testbase" name="ZigwheelsSignInTest" time="11.883"/>
  <testcase classname="com.identifyNewBikes.Testbase" name="upcomingBikesTest" time="0.0">
    <ignored/>
  </testcase> <!-- upcomingBikesTest -->
</testsuite> <!-- regression Tests -->
